build/app/intermediates/manifest_merge_blame_file/release/manifest-merger-blame-release-report.txt
1<?xml version="1.0" encoding="utf-8"?>
2<manifest xmlns:android="http://schemas.android.com/apk/res/android"
3    package="com.example.music_player_project_one"
4    android:versionCode="1"
5    android:versionName="1.0.0" >
6
7    <uses-sdk
8        android:minSdkVersion="19"
8-->src\main\AndroidManifest.xml
9        android:targetSdkVersion="33" />
9-->src\main\AndroidManifest.xml
10
11    <uses-permission android:name="android.permission.INTERNET" />
11-->src\main\AndroidManifest.xml:3:5-66
11-->src\main\AndroidManifest.xml:3:22-64
12    <uses-permission android:name="android.permission.WRITE_EXTERNAL_STORAGE" />
12-->src\main\AndroidManifest.xml:4:5-80
12-->src\main\AndroidManifest.xml:4:22-78
13    <uses-permission android:name="android.permission.READ_EXTERNAL_STORAGE" />
13-->src\main\AndroidManifest.xml:5:5-79
13-->src\main\AndroidManifest.xml:5:22-77
14    <uses-permission android:name="android.permission.ACCESS_NETWORK_STATE" />
14-->[com.google.android.exoplayer:exoplayer-core:2.18.7] AndroidManifest.xml:24:5-79
14-->[com.google.android.exoplayer:exoplayer-core:2.18.7] AndroidManifest.xml:24:22-76
15
16    <queries>
16-->[androidx.media2:media2-session:1.2.1] AndroidManifest.xml:24:5-34:15
17        <intent>
17-->[androidx.media2:media2-session:1.2.1] AndroidManifest.xml:25:9-27:18
18            <action android:name="android.media.browse.MediaBrowserService" />
18-->[androidx.media2:media2-session:1.2.1] AndroidManifest.xml:26:13-79
18-->[androidx.media2:media2-session:1.2.1] AndroidManifest.xml:26:21-76
19        </intent>
20        <intent>
20-->[androidx.media2:media2-session:1.2.1] AndroidManifest.xml:28:9-30:18
21            <action android:name="androidx.media2.session.MediaSessionService" />
21-->[androidx.media2:media2-session:1.2.1] AndroidManifest.xml:29:13-82
21-->[androidx.media2:media2-session:1.2.1] AndroidManifest.xml:29:21-79
22        </intent>
23        <intent>
23-->[androidx.media2:media2-session:1.2.1] AndroidManifest.xml:31:9-33:18
24            <action android:name="androidx.media2.session.MediaLibraryService" />
24-->[androidx.media2:media2-session:1.2.1] AndroidManifest.xml:32:13-82
24-->[androidx.media2:media2-session:1.2.1] AndroidManifest.xml:32:21-79
25        </intent>
26    </queries>
27
28    <application
29        android:name="android.app.Application"
29-->src\main\AndroidManifest.xml:9:9-42
30        android:appComponentFactory="androidx.core.app.CoreComponentFactory"
30-->[androidx.core:core:1.7.0] AndroidManifest.xml:24:18-86
31        android:icon="@mipmap/launcher_icon"
31-->src\main\AndroidManifest.xml:12:9-45
32        android:label="Audio Mix"
32-->src\main\AndroidManifest.xml:8:9-34
33        android:requestLegacyExternalStorage="true"
33-->src\main\AndroidManifest.xml:10:9-52
34        android:usesCleartextTraffic="true" >
34-->src\main\AndroidManifest.xml:11:9-44
35        <activity
35-->src\main\AndroidManifest.xml:13:9-33:20
36            android:name="com.example.music_player_project_one.MainActivity"
36-->src\main\AndroidManifest.xml:14:13-41
37            android:configChanges="orientation|keyboardHidden|keyboard|screenSize|smallestScreenSize|locale|layoutDirection|fontScale|screenLayout|density|uiMode"
37-->src\main\AndroidManifest.xml:18:13-163
38            android:exported="true"
38-->src\main\AndroidManifest.xml:15:13-36
39            android:hardwareAccelerated="true"
39-->src\main\AndroidManifest.xml:19:13-47
40            android:launchMode="singleTop"
40-->src\main\AndroidManifest.xml:16:13-43
41            android:theme="@style/LaunchTheme"
41-->src\main\AndroidManifest.xml:17:13-47
42            android:windowSoftInputMode="adjustResize" >
42-->src\main\AndroidManifest.xml:20:13-55
43
44            <!--
45                 Specifies an Android theme to apply to this Activity as soon as
46                 the Android process has started. This theme is visible to the user
47                 while the Flutter UI initializes. After that, this theme continues
48                 to determine the Window background behind the Flutter UI.
49            -->
50            <meta-data
50-->src\main\AndroidManifest.xml:25:13-28:17
51                android:name="io.flutter.embedding.android.NormalTheme"
51-->src\main\AndroidManifest.xml:26:15-70
52                android:resource="@style/NormalTheme" />
52-->src\main\AndroidManifest.xml:27:15-52
53
54            <intent-filter>
54-->src\main\AndroidManifest.xml:29:13-32:29
55                <action android:name="android.intent.action.MAIN" />
55-->src\main\AndroidManifest.xml:30:17-68
55-->src\main\AndroidManifest.xml:30:25-66
56
57                <category android:name="android.intent.category.LAUNCHER" />
57-->src\main\AndroidManifest.xml:31:17-76
57-->src\main\AndroidManifest.xml:31:27-74
58            </intent-filter>
59        </activity>
60        <!--
61             Don't delete the meta-data below.
62             This is used by the Flutter tool to generate GeneratedPluginRegistrant.java
63        -->
64        <meta-data
64-->src\main\AndroidManifest.xml:36:9-38:33
65            android:name="flutterEmbedding"
65-->src\main\AndroidManifest.xml:37:13-44
66            android:value="2" />
66-->src\main\AndroidManifest.xml:38:13-30
67
68        <uses-library
68-->[androidx.window:window:1.0.0-beta04] AndroidManifest.xml:25:9-27:40
69            android:name="androidx.window.extensions"
69-->[androidx.window:window:1.0.0-beta04] AndroidManifest.xml:26:13-54
70            android:required="false" />
70-->[androidx.window:window:1.0.0-beta04] AndroidManifest.xml:27:13-37
71        <uses-library
71-->[androidx.window:window:1.0.0-beta04] AndroidManifest.xml:28:9-30:40
72            android:name="androidx.window.sidecar"
72-->[androidx.window:window:1.0.0-beta04] AndroidManifest.xml:29:13-51
73            android:required="false" />
73-->[androidx.window:window:1.0.0-beta04] AndroidManifest.xml:30:13-37
74    </application>
75
76</manifest>